<?xml version="1.0" encoding="UTF-8"?>
<testng-results ignored="0" total="1" passed="1" failed="0" skipped="0">
  <reporter-output>
  </reporter-output>
  <suite started-at="2021-05-05T22:19:08 GMT-12:00" name="Suite" finished-at="2021-05-05T22:20:07 GMT-12:00" duration-ms="59255">
    <groups>
    </groups>
    <test started-at="2021-05-05T22:19:08 GMT-12:00" name="Test" finished-at="2021-05-05T22:20:07 GMT-12:00" duration-ms="59255">
      <class name="com.alibaba.TC_Alibaba">
        <test-method is-config="true" signature="setUp(java.lang.String)[pri:0, instance:com.alibaba.TC_Alibaba@1613674b]" started-at="2021-05-05T22:19:08 GMT-12:00" name="setUp" finished-at="2021-05-05T22:19:19 GMT-12:00" duration-ms="11034" status="PASS">
          <params>
            <param index="0">
              <value>
                <![CDATA[https://www.alibaba.com/]]>
              </value>
            </param>
          </params>
          <reporter-output>
          </reporter-output>
        </test-method> <!-- setUp -->
        <test-method signature="AlibabaSearch(java.lang.String, java.lang.String)[pri:0, instance:com.alibaba.TC_Alibaba@1613674b]" started-at="2021-05-05T22:19:23 GMT-12:00" name="AlibabaSearch" data-provider="getData" finished-at="2021-05-05T22:20:07 GMT-12:00" duration-ms="44712" status="PASS">
          <params>
            <param index="0">
              <value>
                <![CDATA[balukollala728@gmail.com]]>
              </value>
            </param>
            <param index="1">
              <value>
                <![CDATA[Balu12345]]>
              </value>
            </param>
          </params>
          <reporter-output>
          </reporter-output>
        </test-method> <!-- AlibabaSearch -->
      </class> <!-- com.alibaba.TC_Alibaba -->
    </test> <!-- Test -->
  </suite> <!-- Suite -->
</testng-results>
